[debug] [2020-05-24T16:12:10.132Z] ----------------------------------------------------------------------
[debug] [2020-05-24T16:12:10.136Z] Command:       D:\nodejs\node.exe C:\Users\User\AppData\Roaming\npm\node_modules\firebase-tools\lib\bin\firebase.js init functions
[debug] [2020-05-24T16:12:10.137Z] CLI Version:   8.4.0
[debug] [2020-05-24T16:12:10.137Z] Platform:      win32
[debug] [2020-05-24T16:12:10.138Z] Node Version:  v12.16.3
[debug] [2020-05-24T16:12:10.140Z] Time:          Sun May 24 2020 19:12:10 GMT+0300 (GMT+03:00)
[debug] [2020-05-24T16:12:10.141Z] ----------------------------------------------------------------------
[debug] [2020-05-24T16:12:10.141Z] 
[debug] [2020-05-24T16:12:10.159Z] > command requires scopes: ["email","openid","https://www.googleapis.com/auth/cloudplatformprojects.readonly","https://www.googleapis.com/auth/firebase","https://www.googleapis.com/auth/cloud-platform"]
[debug] [2020-05-24T16:12:10.161Z] > authorizing via signed-in user
[info] 
     ######## #### ########  ######## ########     ###     ######  ########
     ##        ##  ##     ## ##       ##     ##  ##   ##  ##       ##
     ######    ##  ########  ######   ########  #########  ######  ######
     ##        ##  ##    ##  ##       ##     ## ##     ##       ## ##
     ##       #### ##     ## ######## ########  ##     ##  ######  ########

You're about to initialize a Firebase project in this directory:

  C:\Users\User\AndroidStudioProjects\AnindaEv\app

[info] 
=== Project Setup
[info] 
[info] First, let's associate this project directory with a Firebase project.
[info] You can create multiple project aliases by running firebase use --add, 
[info] but for now we'll just set up a default project.
[info] 
